ISim log file
Running: C:\Users\maham\Desktop\My semester\vlsi\CEP\testwhenexternalmemoryishere_isim_par.exe -intstyle ise -gui -tclbatch isim.cmd -wdb C:/Users/maham/Desktop/My semester/vlsi/CEP/testwhenexternalmemoryishere_isim_par.wdb 
ISim P.20131013 (signature 0x7708f090)
This is a Full version of ISim.
Time resolution is 1 ps
# onerror resume
# wave add /
# run 1000 ns
Simulator is doing circuit initialization process.
INFO: SDF backannotation was successful with SDF file netgen/par/mainmodule_timesim.sdf, for root module /testwhenexternalmemoryishere/uut/.
Finished circuit initialization process.
Warning : input CLKIN1 period and attribute CLKIN1_PERIOD on X_MMCME2_ADV instance testwhenexternalmemoryishere.uut.\Clock.mmcm_adv_inst  are not same.
# run all
WARNING: at 1071714 ps: Timing violation in /testwhenexternalmemoryishere/uut/\MM/U0/xst_blk_mem_generator/gnativebmg.native_blk_mem_gen/valid.cstr/ramloop[0].ram.r/v6_noinit.ram/NO_BMM_INFO.SDP.SIMPLE_PRIM36.ram /  $setuphold<hold>( CLKARDCLK:1071326 ps, DIADI:1071714 ps,577 ps,593 ps)


WARNING: at 4291714 ps: Timing violation in /testwhenexternalmemoryishere/uut/\MM/U0/xst_blk_mem_generator/gnativebmg.native_blk_mem_gen/valid.cstr/ramloop[0].ram.r/v6_noinit.ram/NO_BMM_INFO.SDP.SIMPLE_PRIM36.ram /  $setuphold<hold>( CLKARDCLK:4291326 ps, DIADI:4291714 ps,577 ps,593 ps)


WARNING: at 4311714 ps: Timing violation in /testwhenexternalmemoryishere/uut/\MM/U0/xst_blk_mem_generator/gnativebmg.native_blk_mem_gen/valid.cstr/ramloop[0].ram.r/v6_noinit.ram/NO_BMM_INFO.SDP.SIMPLE_PRIM36.ram /  $setuphold<hold>( CLKARDCLK:4311326 ps, DIADI:4311714 ps,577 ps,593 ps)


WARNING: at 4431714 ps: Timing violation in /testwhenexternalmemoryishere/uut/\MM/U0/xst_blk_mem_generator/gnativebmg.native_blk_mem_gen/valid.cstr/ramloop[0].ram.r/v6_noinit.ram/NO_BMM_INFO.SDP.SIMPLE_PRIM36.ram /  $setuphold<hold>( CLKARDCLK:4431326 ps, DIADI:4431714 ps,577 ps,593 ps)


WARNING: at 4451714 ps: Timing violation in /testwhenexternalmemoryishere/uut/\MM/U0/xst_blk_mem_generator/gnativebmg.native_blk_mem_gen/valid.cstr/ramloop[0].ram.r/v6_noinit.ram/NO_BMM_INFO.SDP.SIMPLE_PRIM36.ram /  $setuphold<hold>( CLKARDCLK:4451326 ps, DIADI:4451714 ps,577 ps,593 ps)


WARNING: at 4511714 ps: Timing violation in /testwhenexternalmemoryishere/uut/\MM/U0/xst_blk_mem_generator/gnativebmg.native_blk_mem_gen/valid.cstr/ramloop[0].ram.r/v6_noinit.ram/NO_BMM_INFO.SDP.SIMPLE_PRIM36.ram /  $setuphold<hold>( CLKARDCLK:4511326 ps, DIADI:4511714 ps,577 ps,593 ps)


WARNING: at 4551714 ps: Timing violation in /testwhenexternalmemoryishere/uut/\MM/U0/xst_blk_mem_generator/gnativebmg.native_blk_mem_gen/valid.cstr/ramloop[0].ram.r/v6_noinit.ram/NO_BMM_INFO.SDP.SIMPLE_PRIM36.ram /  $setuphold<hold>( CLKARDCLK:4551326 ps, DIADI:4551714 ps,577 ps,593 ps)


WARNING: at 5291714 ps: Timing violation in /testwhenexternalmemoryishere/uut/\MM/U0/xst_blk_mem_generator/gnativebmg.native_blk_mem_gen/valid.cstr/ramloop[0].ram.r/v6_noinit.ram/NO_BMM_INFO.SDP.SIMPLE_PRIM36.ram /  $setuphold<hold>( CLKARDCLK:5291326 ps, DIADI:5291714 ps,577 ps,593 ps)


WARNING: at 5571714 ps: Timing violation in /testwhenexternalmemoryishere/uut/\MM/U0/xst_blk_mem_generator/gnativebmg.native_blk_mem_gen/valid.cstr/ramloop[0].ram.r/v6_noinit.ram/NO_BMM_INFO.SDP.SIMPLE_PRIM36.ram /  $setuphold<hold>( CLKARDCLK:5571326 ps, DIADI:5571714 ps,577 ps,593 ps)


WARNING: at 5591714 ps: Timing violation in /testwhenexternalmemoryishere/uut/\MM/U0/xst_blk_mem_generator/gnativebmg.native_blk_mem_gen/valid.cstr/ramloop[0].ram.r/v6_noinit.ram/NO_BMM_INFO.SDP.SIMPLE_PRIM36.ram /  $setuphold<hold>( CLKARDCLK:5591326 ps, DIADI:5591714 ps,577 ps,593 ps)


WARNING: at 5611714 ps: Timing violation in /testwhenexternalmemoryishere/uut/\MM/U0/xst_blk_mem_generator/gnativebmg.native_blk_mem_gen/valid.cstr/ramloop[0].ram.r/v6_noinit.ram/NO_BMM_INFO.SDP.SIMPLE_PRIM36.ram /  $setuphold<hold>( CLKARDCLK:5611326 ps, DIADI:5611714 ps,577 ps,593 ps)


WARNING: at 5651714 ps: Timing violation in /testwhenexternalmemoryishere/uut/\MM/U0/xst_blk_mem_generator/gnativebmg.native_blk_mem_gen/valid.cstr/ramloop[0].ram.r/v6_noinit.ram/NO_BMM_INFO.SDP.SIMPLE_PRIM36.ram /  $setuphold<hold>( CLKARDCLK:5651326 ps, DIADI:5651714 ps,577 ps,593 ps)


WARNING: at 5671714 ps: Timing violation in /testwhenexternalmemoryishere/uut/\MM/U0/xst_blk_mem_generator/gnativebmg.native_blk_mem_gen/valid.cstr/ramloop[0].ram.r/v6_noinit.ram/NO_BMM_INFO.SDP.SIMPLE_PRIM36.ram /  $setuphold<hold>( CLKARDCLK:5671326 ps, DIADI:5671714 ps,577 ps,593 ps)


WARNING: at 5691714 ps: Timing violation in /testwhenexternalmemoryishere/uut/\MM/U0/xst_blk_mem_generator/gnativebmg.native_blk_mem_gen/valid.cstr/ramloop[0].ram.r/v6_noinit.ram/NO_BMM_INFO.SDP.SIMPLE_PRIM36.ram /  $setuphold<hold>( CLKARDCLK:5691326 ps, DIADI:5691714 ps,577 ps,593 ps)


WARNING: at 5751714 ps: Timing violation in /testwhenexternalmemoryishere/uut/\MM/U0/xst_blk_mem_generator/gnativebmg.native_blk_mem_gen/valid.cstr/ramloop[0].ram.r/v6_noinit.ram/NO_BMM_INFO.SDP.SIMPLE_PRIM36.ram /  $setuphold<hold>( CLKARDCLK:5751326 ps, DIADI:5751714 ps,577 ps,593 ps)


WARNING: at 5911714 ps: Timing violation in /testwhenexternalmemoryishere/uut/\MM/U0/xst_blk_mem_generator/gnativebmg.native_blk_mem_gen/valid.cstr/ramloop[0].ram.r/v6_noinit.ram/NO_BMM_INFO.SDP.SIMPLE_PRIM36.ram /  $setuphold<hold>( CLKARDCLK:5911326 ps, DIADI:5911714 ps,577 ps,593 ps)


WARNING: at 5931714 ps: Timing violation in /testwhenexternalmemoryishere/uut/\MM/U0/xst_blk_mem_generator/gnativebmg.native_blk_mem_gen/valid.cstr/ramloop[0].ram.r/v6_noinit.ram/NO_BMM_INFO.SDP.SIMPLE_PRIM36.ram /  $setuphold<hold>( CLKARDCLK:5931326 ps, DIADI:5931714 ps,577 ps,593 ps)


WARNING: at 9171714 ps: Timing violation in /testwhenexternalmemoryishere/uut/\MM/U0/xst_blk_mem_generator/gnativebmg.native_blk_mem_gen/valid.cstr/ramloop[0].ram.r/v6_noinit.ram/NO_BMM_INFO.SDP.SIMPLE_PRIM36.ram /  $setuphold<hold>( CLKARDCLK:9171326 ps, DIADI:9171714 ps,577 ps,593 ps)


WARNING: at 9191714 ps: Timing violation in /testwhenexternalmemoryishere/uut/\MM/U0/xst_blk_mem_generator/gnativebmg.native_blk_mem_gen/valid.cstr/ramloop[0].ram.r/v6_noinit.ram/NO_BMM_INFO.SDP.SIMPLE_PRIM36.ram /  $setuphold<hold>( CLKARDCLK:9191326 ps, DIADI:9191714 ps,577 ps,593 ps)


WARNING: at 9251714 ps: Timing violation in /testwhenexternalmemoryishere/uut/\MM/U0/xst_blk_mem_generator/gnativebmg.native_blk_mem_gen/valid.cstr/ramloop[0].ram.r/v6_noinit.ram/NO_BMM_INFO.SDP.SIMPLE_PRIM36.ram /  $setuphold<hold>( CLKARDCLK:9251326 ps, DIADI:9251714 ps,577 ps,593 ps)


WARNING: at 9271714 ps: Timing violation in /testwhenexternalmemoryishere/uut/\MM/U0/xst_blk_mem_generator/gnativebmg.native_blk_mem_gen/valid.cstr/ramloop[0].ram.r/v6_noinit.ram/NO_BMM_INFO.SDP.SIMPLE_PRIM36.ram /  $setuphold<hold>( CLKARDCLK:9271326 ps, DIADI:9271714 ps,577 ps,593 ps)


WARNING: at 9531714 ps: Timing violation in /testwhenexternalmemoryishere/uut/\MM/U0/xst_blk_mem_generator/gnativebmg.native_blk_mem_gen/valid.cstr/ramloop[0].ram.r/v6_noinit.ram/NO_BMM_INFO.SDP.SIMPLE_PRIM36.ram /  $setuphold<hold>( CLKARDCLK:9531326 ps, DIADI:9531714 ps,577 ps,593 ps)


WARNING: at 9551714 ps: Timing violation in /testwhenexternalmemoryishere/uut/\MM/U0/xst_blk_mem_generator/gnativebmg.native_blk_mem_gen/valid.cstr/ramloop[0].ram.r/v6_noinit.ram/NO_BMM_INFO.SDP.SIMPLE_PRIM36.ram /  $setuphold<hold>( CLKARDCLK:9551326 ps, DIADI:9551714 ps,577 ps,593 ps)


WARNING: at 10431714 ps: Timing violation in /testwhenexternalmemoryishere/uut/\MM/U0/xst_blk_mem_generator/gnativebmg.native_blk_mem_gen/valid.cstr/ramloop[0].ram.r/v6_noinit.ram/NO_BMM_INFO.SDP.SIMPLE_PRIM36.ram /  $setuphold<hold>( CLKARDCLK:10431326 ps, DIADI:10431714 ps,577 ps,593 ps)


WARNING: at 10451714 ps: Timing violation in /testwhenexternalmemoryishere/uut/\MM/U0/xst_blk_mem_generator/gnativebmg.native_blk_mem_gen/valid.cstr/ramloop[0].ram.r/v6_noinit.ram/NO_BMM_INFO.SDP.SIMPLE_PRIM36.ram /  $setuphold<hold>( CLKARDCLK:10451326 ps, DIADI:10451714 ps,577 ps,593 ps)


WARNING: at 10491714 ps: Timing violation in /testwhenexternalmemoryishere/uut/\MM/U0/xst_blk_mem_generator/gnativebmg.native_blk_mem_gen/valid.cstr/ramloop[0].ram.r/v6_noinit.ram/NO_BMM_INFO.SDP.SIMPLE_PRIM36.ram /  $setuphold<hold>( CLKARDCLK:10491326 ps, DIADI:10491714 ps,577 ps,593 ps)


WARNING: at 10691714 ps: Timing violation in /testwhenexternalmemoryishere/uut/\MM/U0/xst_blk_mem_generator/gnativebmg.native_blk_mem_gen/valid.cstr/ramloop[0].ram.r/v6_noinit.ram/NO_BMM_INFO.SDP.SIMPLE_PRIM36.ram /  $setuphold<hold>( CLKARDCLK:10691326 ps, DIADI:10691714 ps,577 ps,593 ps)


WARNING: at 10711714 ps: Timing violation in /testwhenexternalmemoryishere/uut/\MM/U0/xst_blk_mem_generator/gnativebmg.native_blk_mem_gen/valid.cstr/ramloop[0].ram.r/v6_noinit.ram/NO_BMM_INFO.SDP.SIMPLE_PRIM36.ram /  $setuphold<hold>( CLKARDCLK:10711326 ps, DIADI:10711714 ps,577 ps,593 ps)


WARNING: at 10731714 ps: Timing violation in /testwhenexternalmemoryishere/uut/\MM/U0/xst_blk_mem_generator/gnativebmg.native_blk_mem_gen/valid.cstr/ramloop[0].ram.r/v6_noinit.ram/NO_BMM_INFO.SDP.SIMPLE_PRIM36.ram /  $setuphold<hold>( CLKARDCLK:10731326 ps, DIADI:10731714 ps,577 ps,593 ps)


WARNING: at 10771714 ps: Timing violation in /testwhenexternalmemoryishere/uut/\MM/U0/xst_blk_mem_generator/gnativebmg.native_blk_mem_gen/valid.cstr/ramloop[0].ram.r/v6_noinit.ram/NO_BMM_INFO.SDP.SIMPLE_PRIM36.ram /  $setuphold<hold>( CLKARDCLK:10771326 ps, DIADI:10771714 ps,577 ps,593 ps)


WARNING: at 10891714 ps: Timing violation in /testwhenexternalmemoryishere/uut/\MM/U0/xst_blk_mem_generator/gnativebmg.native_blk_mem_gen/valid.cstr/ramloop[0].ram.r/v6_noinit.ram/NO_BMM_INFO.SDP.SIMPLE_PRIM36.ram /  $setuphold<hold>( CLKARDCLK:10891326 ps, DIADI:10891714 ps,577 ps,593 ps)


WARNING: at 11091714 ps: Timing violation in /testwhenexternalmemoryishere/uut/\MM/U0/xst_blk_mem_generator/gnativebmg.native_blk_mem_gen/valid.cstr/ramloop[0].ram.r/v6_noinit.ram/NO_BMM_INFO.SDP.SIMPLE_PRIM36.ram /  $setuphold<hold>( CLKARDCLK:11091326 ps, DIADI:11091714 ps,577 ps,593 ps)


WARNING: at 11111714 ps: Timing violation in /testwhenexternalmemoryishere/uut/\MM/U0/xst_blk_mem_generator/gnativebmg.native_blk_mem_gen/valid.cstr/ramloop[0].ram.r/v6_noinit.ram/NO_BMM_INFO.SDP.SIMPLE_PRIM36.ram /  $setuphold<hold>( CLKARDCLK:11111326 ps, DIADI:11111714 ps,577 ps,593 ps)


WARNING: at 14331714 ps: Timing violation in /testwhenexternalmemoryishere/uut/\MM/U0/xst_blk_mem_generator/gnativebmg.native_blk_mem_gen/valid.cstr/ramloop[0].ram.r/v6_noinit.ram/NO_BMM_INFO.SDP.SIMPLE_PRIM36.ram /  $setuphold<hold>( CLKARDCLK:14331326 ps, DIADI:14331714 ps,577 ps,593 ps)


WARNING: at 14371714 ps: Timing violation in /testwhenexternalmemoryishere/uut/\MM/U0/xst_blk_mem_generator/gnativebmg.native_blk_mem_gen/valid.cstr/ramloop[0].ram.r/v6_noinit.ram/NO_BMM_INFO.SDP.SIMPLE_PRIM36.ram /  $setuphold<hold>( CLKARDCLK:14371326 ps, DIADI:14371714 ps,577 ps,593 ps)


WARNING: at 14451714 ps: Timing violation in /testwhenexternalmemoryishere/uut/\MM/U0/xst_blk_mem_generator/gnativebmg.native_blk_mem_gen/valid.cstr/ramloop[0].ram.r/v6_noinit.ram/NO_BMM_INFO.SDP.SIMPLE_PRIM36.ram /  $setuphold<hold>( CLKARDCLK:14451326 ps, DIADI:14451714 ps,577 ps,593 ps)


WARNING: at 14471714 ps: Timing violation in /testwhenexternalmemoryishere/uut/\MM/U0/xst_blk_mem_generator/gnativebmg.native_blk_mem_gen/valid.cstr/ramloop[0].ram.r/v6_noinit.ram/NO_BMM_INFO.SDP.SIMPLE_PRIM36.ram /  $setuphold<hold>( CLKARDCLK:14471326 ps, DIADI:14471714 ps,577 ps,593 ps)


WARNING: at 14511714 ps: Timing violation in /testwhenexternalmemoryishere/uut/\MM/U0/xst_blk_mem_generator/gnativebmg.native_blk_mem_gen/valid.cstr/ramloop[0].ram.r/v6_noinit.ram/NO_BMM_INFO.SDP.SIMPLE_PRIM36.ram /  $setuphold<hold>( CLKARDCLK:14511326 ps, DIADI:14511714 ps,577 ps,593 ps)


WARNING: at 14531714 ps: Timing violation in /testwhenexternalmemoryishere/uut/\MM/U0/xst_blk_mem_generator/gnativebmg.native_blk_mem_gen/valid.cstr/ramloop[0].ram.r/v6_noinit.ram/NO_BMM_INFO.SDP.SIMPLE_PRIM36.ram /  $setuphold<hold>( CLKARDCLK:14531326 ps, DIADI:14531714 ps,577 ps,593 ps)


WARNING: at 14571714 ps: Timing violation in /testwhenexternalmemoryishere/uut/\MM/U0/xst_blk_mem_generator/gnativebmg.native_blk_mem_gen/valid.cstr/ramloop[0].ram.r/v6_noinit.ram/NO_BMM_INFO.SDP.SIMPLE_PRIM36.ram /  $setuphold<hold>( CLKARDCLK:14571326 ps, DIADI:14571714 ps,577 ps,593 ps)


WARNING: at 14611714 ps: Timing violation in /testwhenexternalmemoryishere/uut/\MM/U0/xst_blk_mem_generator/gnativebmg.native_blk_mem_gen/valid.cstr/ramloop[0].ram.r/v6_noinit.ram/NO_BMM_INFO.SDP.SIMPLE_PRIM36.ram /  $setuphold<hold>( CLKARDCLK:14611326 ps, DIADI:14611714 ps,577 ps,593 ps)


WARNING: at 14651714 ps: Timing violation in /testwhenexternalmemoryishere/uut/\MM/U0/xst_blk_mem_generator/gnativebmg.native_blk_mem_gen/valid.cstr/ramloop[0].ram.r/v6_noinit.ram/NO_BMM_INFO.SDP.SIMPLE_PRIM36.ram /  $setuphold<hold>( CLKARDCLK:14651326 ps, DIADI:14651714 ps,577 ps,593 ps)


WARNING: at 14691714 ps: Timing violation in /testwhenexternalmemoryishere/uut/\MM/U0/xst_blk_mem_generator/gnativebmg.native_blk_mem_gen/valid.cstr/ramloop[0].ram.r/v6_noinit.ram/NO_BMM_INFO.SDP.SIMPLE_PRIM36.ram /  $setuphold<hold>( CLKARDCLK:14691326 ps, DIADI:14691714 ps,577 ps,593 ps)


WARNING: at 14711714 ps: Timing violation in /testwhenexternalmemoryishere/uut/\MM/U0/xst_blk_mem_generator/gnativebmg.native_blk_mem_gen/valid.cstr/ramloop[0].ram.r/v6_noinit.ram/NO_BMM_INFO.SDP.SIMPLE_PRIM36.ram /  $setuphold<hold>( CLKARDCLK:14711326 ps, DIADI:14711714 ps,577 ps,593 ps)


WARNING: at 14731714 ps: Timing violation in /testwhenexternalmemoryishere/uut/\MM/U0/xst_blk_mem_generator/gnativebmg.native_blk_mem_gen/valid.cstr/ramloop[0].ram.r/v6_noinit.ram/NO_BMM_INFO.SDP.SIMPLE_PRIM36.ram /  $setuphold<hold>( CLKARDCLK:14731326 ps, DIADI:14731714 ps,577 ps,593 ps)


WARNING: at 15631714 ps: Timing violation in /testwhenexternalmemoryishere/uut/\MM/U0/xst_blk_mem_generator/gnativebmg.native_blk_mem_gen/valid.cstr/ramloop[0].ram.r/v6_noinit.ram/NO_BMM_INFO.SDP.SIMPLE_PRIM36.ram /  $setuphold<hold>( CLKARDCLK:15631326 ps, DIADI:15631714 ps,577 ps,593 ps)


WARNING: at 15671714 ps: Timing violation in /testwhenexternalmemoryishere/uut/\MM/U0/xst_blk_mem_generator/gnativebmg.native_blk_mem_gen/valid.cstr/ramloop[0].ram.r/v6_noinit.ram/NO_BMM_INFO.SDP.SIMPLE_PRIM36.ram /  $setuphold<hold>( CLKARDCLK:15671326 ps, DIADI:15671714 ps,577 ps,593 ps)


WARNING: at 15691714 ps: Timing violation in /testwhenexternalmemoryishere/uut/\MM/U0/xst_blk_mem_generator/gnativebmg.native_blk_mem_gen/valid.cstr/ramloop[0].ram.r/v6_noinit.ram/NO_BMM_INFO.SDP.SIMPLE_PRIM36.ram /  $setuphold<hold>( CLKARDCLK:15691326 ps, DIADI:15691714 ps,577 ps,593 ps)


WARNING: at 15831714 ps: Timing violation in /testwhenexternalmemoryishere/uut/\MM/U0/xst_blk_mem_generator/gnativebmg.native_blk_mem_gen/valid.cstr/ramloop[0].ram.r/v6_noinit.ram/NO_BMM_INFO.SDP.SIMPLE_PRIM36.ram /  $setuphold<hold>( CLKARDCLK:15831326 ps, DIADI:15831714 ps,577 ps,593 ps)


WARNING: at 15851714 ps: Timing violation in /testwhenexternalmemoryishere/uut/\MM/U0/xst_blk_mem_generator/gnativebmg.native_blk_mem_gen/valid.cstr/ramloop[0].ram.r/v6_noinit.ram/NO_BMM_INFO.SDP.SIMPLE_PRIM36.ram /  $setuphold<hold>( CLKARDCLK:15851326 ps, DIADI:15851714 ps,577 ps,593 ps)


WARNING: at 15871714 ps: Timing violation in /testwhenexternalmemoryishere/uut/\MM/U0/xst_blk_mem_generator/gnativebmg.native_blk_mem_gen/valid.cstr/ramloop[0].ram.r/v6_noinit.ram/NO_BMM_INFO.SDP.SIMPLE_PRIM36.ram /  $setuphold<hold>( CLKARDCLK:15871326 ps, DIADI:15871714 ps,577 ps,593 ps)


WARNING: at 15891714 ps: Timing violation in /testwhenexternalmemoryishere/uut/\MM/U0/xst_blk_mem_generator/gnativebmg.native_blk_mem_gen/valid.cstr/ramloop[0].ram.r/v6_noinit.ram/NO_BMM_INFO.SDP.SIMPLE_PRIM36.ram /  $setuphold<hold>( CLKARDCLK:15891326 ps, DIADI:15891714 ps,577 ps,593 ps)


WARNING: at 15931714 ps: Timing violation in /testwhenexternalmemoryishere/uut/\MM/U0/xst_blk_mem_generator/gnativebmg.native_blk_mem_gen/valid.cstr/ramloop[0].ram.r/v6_noinit.ram/NO_BMM_INFO.SDP.SIMPLE_PRIM36.ram /  $setuphold<hold>( CLKARDCLK:15931326 ps, DIADI:15931714 ps,577 ps,593 ps)


WARNING: at 15951714 ps: Timing violation in /testwhenexternalmemoryishere/uut/\MM/U0/xst_blk_mem_generator/gnativebmg.native_blk_mem_gen/valid.cstr/ramloop[0].ram.r/v6_noinit.ram/NO_BMM_INFO.SDP.SIMPLE_PRIM36.ram /  $setuphold<hold>( CLKARDCLK:15951326 ps, DIADI:15951714 ps,577 ps,593 ps)


WARNING: at 16011714 ps: Timing violation in /testwhenexternalmemoryishere/uut/\MM/U0/xst_blk_mem_generator/gnativebmg.native_blk_mem_gen/valid.cstr/ramloop[0].ram.r/v6_noinit.ram/NO_BMM_INFO.SDP.SIMPLE_PRIM36.ram /  $setuphold<hold>( CLKARDCLK:16011326 ps, DIADI:16011714 ps,577 ps,593 ps)


WARNING: at 16051714 ps: Timing violation in /testwhenexternalmemoryishere/uut/\MM/U0/xst_blk_mem_generator/gnativebmg.native_blk_mem_gen/valid.cstr/ramloop[0].ram.r/v6_noinit.ram/NO_BMM_INFO.SDP.SIMPLE_PRIM36.ram /  $setuphold<hold>( CLKARDCLK:16051326 ps, DIADI:16051714 ps,577 ps,593 ps)


WARNING: at 16071714 ps: Timing violation in /testwhenexternalmemoryishere/uut/\MM/U0/xst_blk_mem_generator/gnativebmg.native_blk_mem_gen/valid.cstr/ramloop[0].ram.r/v6_noinit.ram/NO_BMM_INFO.SDP.SIMPLE_PRIM36.ram /  $setuphold<hold>( CLKARDCLK:16071326 ps, DIADI:16071714 ps,577 ps,593 ps)


WARNING: at 19391714 ps: Timing violation in /testwhenexternalmemoryishere/uut/\MM/U0/xst_blk_mem_generator/gnativebmg.native_blk_mem_gen/valid.cstr/ramloop[0].ram.r/v6_noinit.ram/NO_BMM_INFO.SDP.SIMPLE_PRIM36.ram /  $setuphold<hold>( CLKARDCLK:19391326 ps, DIADI:19391714 ps,577 ps,593 ps)


WARNING: at 19411714 ps: Timing violation in /testwhenexternalmemoryishere/uut/\MM/U0/xst_blk_mem_generator/gnativebmg.native_blk_mem_gen/valid.cstr/ramloop[0].ram.r/v6_noinit.ram/NO_BMM_INFO.SDP.SIMPLE_PRIM36.ram /  $setuphold<hold>( CLKARDCLK:19411326 ps, DIADI:19411714 ps,577 ps,593 ps)


WARNING: at 19471714 ps: Timing violation in /testwhenexternalmemoryishere/uut/\MM/U0/xst_blk_mem_generator/gnativebmg.native_blk_mem_gen/valid.cstr/ramloop[0].ram.r/v6_noinit.ram/NO_BMM_INFO.SDP.SIMPLE_PRIM36.ram /  $setuphold<hold>( CLKARDCLK:19471326 ps, DIADI:19471714 ps,577 ps,593 ps)


WARNING: at 19491714 ps: Timing violation in /testwhenexternalmemoryishere/uut/\MM/U0/xst_blk_mem_generator/gnativebmg.native_blk_mem_gen/valid.cstr/ramloop[0].ram.r/v6_noinit.ram/NO_BMM_INFO.SDP.SIMPLE_PRIM36.ram /  $setuphold<hold>( CLKARDCLK:19491326 ps, DIADI:19491714 ps,577 ps,593 ps)


WARNING: at 19551714 ps: Timing violation in /testwhenexternalmemoryishere/uut/\MM/U0/xst_blk_mem_generator/gnativebmg.native_blk_mem_gen/valid.cstr/ramloop[0].ram.r/v6_noinit.ram/NO_BMM_INFO.SDP.SIMPLE_PRIM36.ram /  $setuphold<hold>( CLKARDCLK:19551326 ps, DIADI:19551714 ps,577 ps,593 ps)


WARNING: at 19571714 ps: Timing violation in /testwhenexternalmemoryishere/uut/\MM/U0/xst_blk_mem_generator/gnativebmg.native_blk_mem_gen/valid.cstr/ramloop[0].ram.r/v6_noinit.ram/NO_BMM_INFO.SDP.SIMPLE_PRIM36.ram /  $setuphold<hold>( CLKARDCLK:19571326 ps, DIADI:19571714 ps,577 ps,593 ps)


WARNING: at 19671714 ps: Timing violation in /testwhenexternalmemoryishere/uut/\MM/U0/xst_blk_mem_generator/gnativebmg.native_blk_mem_gen/valid.cstr/ramloop[0].ram.r/v6_noinit.ram/NO_BMM_INFO.SDP.SIMPLE_PRIM36.ram /  $setuphold<hold>( CLKARDCLK:19671326 ps, DIADI:19671714 ps,577 ps,593 ps)


WARNING: at 19691714 ps: Timing violation in /testwhenexternalmemoryishere/uut/\MM/U0/xst_blk_mem_generator/gnativebmg.native_blk_mem_gen/valid.cstr/ramloop[0].ram.r/v6_noinit.ram/NO_BMM_INFO.SDP.SIMPLE_PRIM36.ram /  $setuphold<hold>( CLKARDCLK:19691326 ps, DIADI:19691714 ps,577 ps,593 ps)


WARNING: at 19711714 ps: Timing violation in /testwhenexternalmemoryishere/uut/\MM/U0/xst_blk_mem_generator/gnativebmg.native_blk_mem_gen/valid.cstr/ramloop[0].ram.r/v6_noinit.ram/NO_BMM_INFO.SDP.SIMPLE_PRIM36.ram /  $setuphold<hold>( CLKARDCLK:19711326 ps, DIADI:19711714 ps,577 ps,593 ps)


WARNING: at 19731714 ps: Timing violation in /testwhenexternalmemoryishere/uut/\MM/U0/xst_blk_mem_generator/gnativebmg.native_blk_mem_gen/valid.cstr/ramloop[0].ram.r/v6_noinit.ram/NO_BMM_INFO.SDP.SIMPLE_PRIM36.ram /  $setuphold<hold>( CLKARDCLK:19731326 ps, DIADI:19731714 ps,577 ps,593 ps)


WARNING: at 19791714 ps: Timing violation in /testwhenexternalmemoryishere/uut/\MM/U0/xst_blk_mem_generator/gnativebmg.native_blk_mem_gen/valid.cstr/ramloop[0].ram.r/v6_noinit.ram/NO_BMM_INFO.SDP.SIMPLE_PRIM36.ram /  $setuphold<hold>( CLKARDCLK:19791326 ps, DIADI:19791714 ps,577 ps,593 ps)


WARNING: at 19831714 ps: Timing violation in /testwhenexternalmemoryishere/uut/\MM/U0/xst_blk_mem_generator/gnativebmg.native_blk_mem_gen/valid.cstr/ramloop[0].ram.r/v6_noinit.ram/NO_BMM_INFO.SDP.SIMPLE_PRIM36.ram /  $setuphold<hold>( CLKARDCLK:19831326 ps, DIADI:19831714 ps,577 ps,593 ps)


WARNING: at 21051714 ps: Timing violation in /testwhenexternalmemoryishere/uut/\MM/U0/xst_blk_mem_generator/gnativebmg.native_blk_mem_gen/valid.cstr/ramloop[0].ram.r/v6_noinit.ram/NO_BMM_INFO.SDP.SIMPLE_PRIM36.ram /  $setuphold<hold>( CLKARDCLK:21051326 ps, DIADI:21051714 ps,577 ps,593 ps)


WARNING: at 21131714 ps: Timing violation in /testwhenexternalmemoryishere/uut/\MM/U0/xst_blk_mem_generator/gnativebmg.native_blk_mem_gen/valid.cstr/ramloop[0].ram.r/v6_noinit.ram/NO_BMM_INFO.SDP.SIMPLE_PRIM36.ram /  $setuphold<hold>( CLKARDCLK:21131326 ps, DIADI:21131714 ps,577 ps,593 ps)


WARNING: at 24571714 ps: Timing violation in /testwhenexternalmemoryishere/uut/\MM/U0/xst_blk_mem_generator/gnativebmg.native_blk_mem_gen/valid.cstr/ramloop[0].ram.r/v6_noinit.ram/NO_BMM_INFO.SDP.SIMPLE_PRIM36.ram /  $setuphold<hold>( CLKARDCLK:24571326 ps, DIADI:24571714 ps,577 ps,593 ps)


WARNING: at 24591714 ps: Timing violation in /testwhenexternalmemoryishere/uut/\MM/U0/xst_blk_mem_generator/gnativebmg.native_blk_mem_gen/valid.cstr/ramloop[0].ram.r/v6_noinit.ram/NO_BMM_INFO.SDP.SIMPLE_PRIM36.ram /  $setuphold<hold>( CLKARDCLK:24591326 ps, DIADI:24591714 ps,577 ps,593 ps)


WARNING: at 24751714 ps: Timing violation in /testwhenexternalmemoryishere/uut/\MM/U0/xst_blk_mem_generator/gnativebmg.native_blk_mem_gen/valid.cstr/ramloop[0].ram.r/v6_noinit.ram/NO_BMM_INFO.SDP.SIMPLE_PRIM36.ram /  $setuphold<hold>( CLKARDCLK:24751326 ps, DIADI:24751714 ps,577 ps,593 ps)


WARNING: at 24771714 ps: Timing violation in /testwhenexternalmemoryishere/uut/\MM/U0/xst_blk_mem_generator/gnativebmg.native_blk_mem_gen/valid.cstr/ramloop[0].ram.r/v6_noinit.ram/NO_BMM_INFO.SDP.SIMPLE_PRIM36.ram /  $setuphold<hold>( CLKARDCLK:24771326 ps, DIADI:24771714 ps,577 ps,593 ps)


WARNING: at 24811714 ps: Timing violation in /testwhenexternalmemoryishere/uut/\MM/U0/xst_blk_mem_generator/gnativebmg.native_blk_mem_gen/valid.cstr/ramloop[0].ram.r/v6_noinit.ram/NO_BMM_INFO.SDP.SIMPLE_PRIM36.ram /  $setuphold<hold>( CLKARDCLK:24811326 ps, DIADI:24811714 ps,577 ps,593 ps)


WARNING: at 24831714 ps: Timing violation in /testwhenexternalmemoryishere/uut/\MM/U0/xst_blk_mem_generator/gnativebmg.native_blk_mem_gen/valid.cstr/ramloop[0].ram.r/v6_noinit.ram/NO_BMM_INFO.SDP.SIMPLE_PRIM36.ram /  $setuphold<hold>( CLKARDCLK:24831326 ps, DIADI:24831714 ps,577 ps,593 ps)


WARNING: at 24851714 ps: Timing violation in /testwhenexternalmemoryishere/uut/\MM/U0/xst_blk_mem_generator/gnativebmg.native_blk_mem_gen/valid.cstr/ramloop[0].ram.r/v6_noinit.ram/NO_BMM_INFO.SDP.SIMPLE_PRIM36.ram /  $setuphold<hold>( CLKARDCLK:24851326 ps, DIADI:24851714 ps,577 ps,593 ps)


WARNING: at 24871714 ps: Timing violation in /testwhenexternalmemoryishere/uut/\MM/U0/xst_blk_mem_generator/gnativebmg.native_blk_mem_gen/valid.cstr/ramloop[0].ram.r/v6_noinit.ram/NO_BMM_INFO.SDP.SIMPLE_PRIM36.ram /  $setuphold<hold>( CLKARDCLK:24871326 ps, DIADI:24871714 ps,577 ps,593 ps)


WARNING: at 24911714 ps: Timing violation in /testwhenexternalmemoryishere/uut/\MM/U0/xst_blk_mem_generator/gnativebmg.native_blk_mem_gen/valid.cstr/ramloop[0].ram.r/v6_noinit.ram/NO_BMM_INFO.SDP.SIMPLE_PRIM36.ram /  $setuphold<hold>( CLKARDCLK:24911326 ps, DIADI:24911714 ps,577 ps,593 ps)


WARNING: at 24951714 ps: Timing violation in /testwhenexternalmemoryishere/uut/\MM/U0/xst_blk_mem_generator/gnativebmg.native_blk_mem_gen/valid.cstr/ramloop[0].ram.r/v6_noinit.ram/NO_BMM_INFO.SDP.SIMPLE_PRIM36.ram /  $setuphold<hold>( CLKARDCLK:24951326 ps, DIADI:24951714 ps,577 ps,593 ps)


WARNING: at 24971714 ps: Timing violation in /testwhenexternalmemoryishere/uut/\MM/U0/xst_blk_mem_generator/gnativebmg.native_blk_mem_gen/valid.cstr/ramloop[0].ram.r/v6_noinit.ram/NO_BMM_INFO.SDP.SIMPLE_PRIM36.ram /  $setuphold<hold>( CLKARDCLK:24971326 ps, DIADI:24971714 ps,577 ps,593 ps)


WARNING: at 25011714 ps: Timing violation in /testwhenexternalmemoryishere/uut/\MM/U0/xst_blk_mem_generator/gnativebmg.native_blk_mem_gen/valid.cstr/ramloop[0].ram.r/v6_noinit.ram/NO_BMM_INFO.SDP.SIMPLE_PRIM36.ram /  $setuphold<hold>( CLKARDCLK:25011326 ps, DIADI:25011714 ps,577 ps,593 ps)


WARNING: at 26011714 ps: Timing violation in /testwhenexternalmemoryishere/uut/\MM/U0/xst_blk_mem_generator/gnativebmg.native_blk_mem_gen/valid.cstr/ramloop[0].ram.r/v6_noinit.ram/NO_BMM_INFO.SDP.SIMPLE_PRIM36.ram /  $setuphold<hold>( CLKARDCLK:26011326 ps, DIADI:26011714 ps,577 ps,593 ps)


WARNING: at 26031714 ps: Timing violation in /testwhenexternalmemoryishere/uut/\MM/U0/xst_blk_mem_generator/gnativebmg.native_blk_mem_gen/valid.cstr/ramloop[0].ram.r/v6_noinit.ram/NO_BMM_INFO.SDP.SIMPLE_PRIM36.ram /  $setuphold<hold>( CLKARDCLK:26031326 ps, DIADI:26031714 ps,577 ps,593 ps)


WARNING: at 26211714 ps: Timing violation in /testwhenexternalmemoryishere/uut/\MM/U0/xst_blk_mem_generator/gnativebmg.native_blk_mem_gen/valid.cstr/ramloop[0].ram.r/v6_noinit.ram/NO_BMM_INFO.SDP.SIMPLE_PRIM36.ram /  $setuphold<hold>( CLKARDCLK:26211326 ps, DIADI:26211714 ps,577 ps,593 ps)


WARNING: at 26231714 ps: Timing violation in /testwhenexternalmemoryishere/uut/\MM/U0/xst_blk_mem_generator/gnativebmg.native_blk_mem_gen/valid.cstr/ramloop[0].ram.r/v6_noinit.ram/NO_BMM_INFO.SDP.SIMPLE_PRIM36.ram /  $setuphold<hold>( CLKARDCLK:26231326 ps, DIADI:26231714 ps,577 ps,593 ps)


WARNING: at 29851714 ps: Timing violation in /testwhenexternalmemoryishere/uut/\MM/U0/xst_blk_mem_generator/gnativebmg.native_blk_mem_gen/valid.cstr/ramloop[0].ram.r/v6_noinit.ram/NO_BMM_INFO.SDP.SIMPLE_PRIM36.ram /  $setuphold<hold>( CLKARDCLK:29851326 ps, DIADI:29851714 ps,577 ps,593 ps)


WARNING: at 29871714 ps: Timing violation in /testwhenexternalmemoryishere/uut/\MM/U0/xst_blk_mem_generator/gnativebmg.native_blk_mem_gen/valid.cstr/ramloop[0].ram.r/v6_noinit.ram/NO_BMM_INFO.SDP.SIMPLE_PRIM36.ram /  $setuphold<hold>( CLKARDCLK:29871326 ps, DIADI:29871714 ps,577 ps,593 ps)


WARNING: at 30031714 ps: Timing violation in /testwhenexternalmemoryishere/uut/\MM/U0/xst_blk_mem_generator/gnativebmg.native_blk_mem_gen/valid.cstr/ramloop[0].ram.r/v6_noinit.ram/NO_BMM_INFO.SDP.SIMPLE_PRIM36.ram /  $setuphold<hold>( CLKARDCLK:30031326 ps, DIADI:30031714 ps,577 ps,593 ps)


WARNING: at 30051714 ps: Timing violation in /testwhenexternalmemoryishere/uut/\MM/U0/xst_blk_mem_generator/gnativebmg.native_blk_mem_gen/valid.cstr/ramloop[0].ram.r/v6_noinit.ram/NO_BMM_INFO.SDP.SIMPLE_PRIM36.ram /  $setuphold<hold>( CLKARDCLK:30051326 ps, DIADI:30051714 ps,577 ps,593 ps)


WARNING: at 30071714 ps: Timing violation in /testwhenexternalmemoryishere/uut/\MM/U0/xst_blk_mem_generator/gnativebmg.native_blk_mem_gen/valid.cstr/ramloop[0].ram.r/v6_noinit.ram/NO_BMM_INFO.SDP.SIMPLE_PRIM36.ram /  $setuphold<hold>( CLKARDCLK:30071326 ps, DIADI:30071714 ps,577 ps,593 ps)


WARNING: at 30111714 ps: Timing violation in /testwhenexternalmemoryishere/uut/\MM/U0/xst_blk_mem_generator/gnativebmg.native_blk_mem_gen/valid.cstr/ramloop[0].ram.r/v6_noinit.ram/NO_BMM_INFO.SDP.SIMPLE_PRIM36.ram /  $setuphold<hold>( CLKARDCLK:30111326 ps, DIADI:30111714 ps,577 ps,593 ps)


WARNING: at 30171714 ps: Timing violation in /testwhenexternalmemoryishere/uut/\MM/U0/xst_blk_mem_generator/gnativebmg.native_blk_mem_gen/valid.cstr/ramloop[0].ram.r/v6_noinit.ram/NO_BMM_INFO.SDP.SIMPLE_PRIM36.ram /  $setuphold<hold>( CLKARDCLK:30171326 ps, DIADI:30171714 ps,577 ps,593 ps)


WARNING: at 30191714 ps: Timing violation in /testwhenexternalmemoryishere/uut/\MM/U0/xst_blk_mem_generator/gnativebmg.native_blk_mem_gen/valid.cstr/ramloop[0].ram.r/v6_noinit.ram/NO_BMM_INFO.SDP.SIMPLE_PRIM36.ram /  $setuphold<hold>( CLKARDCLK:30191326 ps, DIADI:30191714 ps,577 ps,593 ps)


WARNING: at 30651714 ps: Timing violation in /testwhenexternalmemoryishere/uut/\MM/U0/xst_blk_mem_generator/gnativebmg.native_blk_mem_gen/valid.cstr/ramloop[0].ram.r/v6_noinit.ram/NO_BMM_INFO.SDP.SIMPLE_PRIM36.ram /  $setuphold<hold>( CLKARDCLK:30651326 ps, DIADI:30651714 ps,577 ps,593 ps)


WARNING: at 30671714 ps: Timing violation in /testwhenexternalmemoryishere/uut/\MM/U0/xst_blk_mem_generator/gnativebmg.native_blk_mem_gen/valid.cstr/ramloop[0].ram.r/v6_noinit.ram/NO_BMM_INFO.SDP.SIMPLE_PRIM36.ram /  $setuphold<hold>( CLKARDCLK:30671326 ps, DIADI:30671714 ps,577 ps,593 ps)


WARNING: at 31351714 ps: Timing violation in /testwhenexternalmemoryishere/uut/\MM/U0/xst_blk_mem_generator/gnativebmg.native_blk_mem_gen/valid.cstr/ramloop[0].ram.r/v6_noinit.ram/NO_BMM_INFO.SDP.SIMPLE_PRIM36.ram /  $setuphold<hold>( CLKARDCLK:31351326 ps, DIADI:31351714 ps,577 ps,593 ps)


WARNING: at 31391714 ps: Timing violation in /testwhenexternalmemoryishere/uut/\MM/U0/xst_blk_mem_generator/gnativebmg.native_blk_mem_gen/valid.cstr/ramloop[0].ram.r/v6_noinit.ram/NO_BMM_INFO.SDP.SIMPLE_PRIM36.ram /  $setuphold<hold>( CLKARDCLK:31391326 ps, DIADI:31391714 ps,577 ps,593 ps)


WARNING: at 34711714 ps: Timing violation in /testwhenexternalmemoryishere/uut/\MM/U0/xst_blk_mem_generator/gnativebmg.native_blk_mem_gen/valid.cstr/ramloop[0].ram.r/v6_noinit.ram/NO_BMM_INFO.SDP.SIMPLE_PRIM36.ram /  $setuphold<hold>( CLKARDCLK:34711326 ps, DIADI:34711714 ps,577 ps,593 ps)


WARNING: at 34731714 ps: Timing violation in /testwhenexternalmemoryishere/uut/\MM/U0/xst_blk_mem_generator/gnativebmg.native_blk_mem_gen/valid.cstr/ramloop[0].ram.r/v6_noinit.ram/NO_BMM_INFO.SDP.SIMPLE_PRIM36.ram /  $setuphold<hold>( CLKARDCLK:34731326 ps, DIADI:34731714 ps,577 ps,593 ps)


WARNING: at 34851714 ps: Timing violation in /testwhenexternalmemoryishere/uut/\MM/U0/xst_blk_mem_generator/gnativebmg.native_blk_mem_gen/valid.cstr/ramloop[0].ram.r/v6_noinit.ram/NO_BMM_INFO.SDP.SIMPLE_PRIM36.ram /  $setuphold<hold>( CLKARDCLK:34851326 ps, DIADI:34851714 ps,577 ps,593 ps)


WARNING: at 34871714 ps: Timing violation in /testwhenexternalmemoryishere/uut/\MM/U0/xst_blk_mem_generator/gnativebmg.native_blk_mem_gen/valid.cstr/ramloop[0].ram.r/v6_noinit.ram/NO_BMM_INFO.SDP.SIMPLE_PRIM36.ram /  $setuphold<hold>( CLKARDCLK:34871326 ps, DIADI:34871714 ps,577 ps,593 ps)


WARNING: at 34891714 ps: Timing violation in /testwhenexternalmemoryishere/uut/\MM/U0/xst_blk_mem_generator/gnativebmg.native_blk_mem_gen/valid.cstr/ramloop[0].ram.r/v6_noinit.ram/NO_BMM_INFO.SDP.SIMPLE_PRIM36.ram /  $setuphold<hold>( CLKARDCLK:34891326 ps, DIADI:34891714 ps,577 ps,593 ps)


WARNING: at 34911714 ps: Timing violation in /testwhenexternalmemoryishere/uut/\MM/U0/xst_blk_mem_generator/gnativebmg.native_blk_mem_gen/valid.cstr/ramloop[0].ram.r/v6_noinit.ram/NO_BMM_INFO.SDP.SIMPLE_PRIM36.ram /  $setuphold<hold>( CLKARDCLK:34911326 ps, DIADI:34911714 ps,577 ps,593 ps)


WARNING: at 34951714 ps: Timing violation in /testwhenexternalmemoryishere/uut/\MM/U0/xst_blk_mem_generator/gnativebmg.native_blk_mem_gen/valid.cstr/ramloop[0].ram.r/v6_noinit.ram/NO_BMM_INFO.SDP.SIMPLE_PRIM36.ram /  $setuphold<hold>( CLKARDCLK:34951326 ps, DIADI:34951714 ps,577 ps,593 ps)


WARNING: at 34971714 ps: Timing violation in /testwhenexternalmemoryishere/uut/\MM/U0/xst_blk_mem_generator/gnativebmg.native_blk_mem_gen/valid.cstr/ramloop[0].ram.r/v6_noinit.ram/NO_BMM_INFO.SDP.SIMPLE_PRIM36.ram /  $setuphold<hold>( CLKARDCLK:34971326 ps, DIADI:34971714 ps,577 ps,593 ps)


WARNING: at 35011714 ps: Timing violation in /testwhenexternalmemoryishere/uut/\MM/U0/xst_blk_mem_generator/gnativebmg.native_blk_mem_gen/valid.cstr/ramloop[0].ram.r/v6_noinit.ram/NO_BMM_INFO.SDP.SIMPLE_PRIM36.ram /  $setuphold<hold>( CLKARDCLK:35011326 ps, DIADI:35011714 ps,577 ps,593 ps)


WARNING: at 35031714 ps: Timing violation in /testwhenexternalmemoryishere/uut/\MM/U0/xst_blk_mem_generator/gnativebmg.native_blk_mem_gen/valid.cstr/ramloop[0].ram.r/v6_noinit.ram/NO_BMM_INFO.SDP.SIMPLE_PRIM36.ram /  $setuphold<hold>( CLKARDCLK:35031326 ps, DIADI:35031714 ps,577 ps,593 ps)


WARNING: at 35051714 ps: Timing violation in /testwhenexternalmemoryishere/uut/\MM/U0/xst_blk_mem_generator/gnativebmg.native_blk_mem_gen/valid.cstr/ramloop[0].ram.r/v6_noinit.ram/NO_BMM_INFO.SDP.SIMPLE_PRIM36.ram /  $setuphold<hold>( CLKARDCLK:35051326 ps, DIADI:35051714 ps,577 ps,593 ps)


WARNING: at 35071714 ps: Timing violation in /testwhenexternalmemoryishere/uut/\MM/U0/xst_blk_mem_generator/gnativebmg.native_blk_mem_gen/valid.cstr/ramloop[0].ram.r/v6_noinit.ram/NO_BMM_INFO.SDP.SIMPLE_PRIM36.ram /  $setuphold<hold>( CLKARDCLK:35071326 ps, DIADI:35071714 ps,577 ps,593 ps)


WARNING: at 35091714 ps: Timing violation in /testwhenexternalmemoryishere/uut/\MM/U0/xst_blk_mem_generator/gnativebmg.native_blk_mem_gen/valid.cstr/ramloop[0].ram.r/v6_noinit.ram/NO_BMM_INFO.SDP.SIMPLE_PRIM36.ram /  $setuphold<hold>( CLKARDCLK:35091326 ps, DIADI:35091714 ps,577 ps,593 ps)


WARNING: at 35111714 ps: Timing violation in /testwhenexternalmemoryishere/uut/\MM/U0/xst_blk_mem_generator/gnativebmg.native_blk_mem_gen/valid.cstr/ramloop[0].ram.r/v6_noinit.ram/NO_BMM_INFO.SDP.SIMPLE_PRIM36.ram /  $setuphold<hold>( CLKARDCLK:35111326 ps, DIADI:35111714 ps,577 ps,593 ps)


WARNING: at 35151714 ps: Timing violation in /testwhenexternalmemoryishere/uut/\MM/U0/xst_blk_mem_generator/gnativebmg.native_blk_mem_gen/valid.cstr/ramloop[0].ram.r/v6_noinit.ram/NO_BMM_INFO.SDP.SIMPLE_PRIM36.ram /  $setuphold<hold>( CLKARDCLK:35151326 ps, DIADI:35151714 ps,577 ps,593 ps)


WARNING: at 35171714 ps: Timing violation in /testwhenexternalmemoryishere/uut/\MM/U0/xst_blk_mem_generator/gnativebmg.native_blk_mem_gen/valid.cstr/ramloop[0].ram.r/v6_noinit.ram/NO_BMM_INFO.SDP.SIMPLE_PRIM36.ram /  $setuphold<hold>( CLKARDCLK:35171326 ps, DIADI:35171714 ps,577 ps,593 ps)


WARNING: at 35251714 ps: Timing violation in /testwhenexternalmemoryishere/uut/\MM/U0/xst_blk_mem_generator/gnativebmg.native_blk_mem_gen/valid.cstr/ramloop[0].ram.r/v6_noinit.ram/NO_BMM_INFO.SDP.SIMPLE_PRIM36.ram /  $setuphold<hold>( CLKARDCLK:35251326 ps, DIADI:35251714 ps,577 ps,593 ps)


WARNING: at 35271714 ps: Timing violation in /testwhenexternalmemoryishere/uut/\MM/U0/xst_blk_mem_generator/gnativebmg.native_blk_mem_gen/valid.cstr/ramloop[0].ram.r/v6_noinit.ram/NO_BMM_INFO.SDP.SIMPLE_PRIM36.ram /  $setuphold<hold>( CLKARDCLK:35271326 ps, DIADI:35271714 ps,577 ps,593 ps)


WARNING: at 35291714 ps: Timing violation in /testwhenexternalmemoryishere/uut/\MM/U0/xst_blk_mem_generator/gnativebmg.native_blk_mem_gen/valid.cstr/ramloop[0].ram.r/v6_noinit.ram/NO_BMM_INFO.SDP.SIMPLE_PRIM36.ram /  $setuphold<hold>( CLKARDCLK:35291326 ps, DIADI:35291714 ps,577 ps,593 ps)


WARNING: at 35331714 ps: Timing violation in /testwhenexternalmemoryishere/uut/\MM/U0/xst_blk_mem_generator/gnativebmg.native_blk_mem_gen/valid.cstr/ramloop[0].ram.r/v6_noinit.ram/NO_BMM_INFO.SDP.SIMPLE_PRIM36.ram /  $setuphold<hold>( CLKARDCLK:35331326 ps, DIADI:35331714 ps,577 ps,593 ps)


WARNING: at 36791714 ps: Timing violation in /testwhenexternalmemoryishere/uut/\MM/U0/xst_blk_mem_generator/gnativebmg.native_blk_mem_gen/valid.cstr/ramloop[0].ram.r/v6_noinit.ram/NO_BMM_INFO.SDP.SIMPLE_PRIM36.ram /  $setuphold<hold>( CLKARDCLK:36791326 ps, DIADI:36791714 ps,577 ps,593 ps)


WARNING: at 36831714 ps: Timing violation in /testwhenexternalmemoryishere/uut/\MM/U0/xst_blk_mem_generator/gnativebmg.native_blk_mem_gen/valid.cstr/ramloop[0].ram.r/v6_noinit.ram/NO_BMM_INFO.SDP.SIMPLE_PRIM36.ram /  $setuphold<hold>( CLKARDCLK:36831326 ps, DIADI:36831714 ps,577 ps,593 ps)


WARNING: at 39791714 ps: Timing violation in /testwhenexternalmemoryishere/uut/\MM/U0/xst_blk_mem_generator/gnativebmg.native_blk_mem_gen/valid.cstr/ramloop[0].ram.r/v6_noinit.ram/NO_BMM_INFO.SDP.SIMPLE_PRIM36.ram /  $setuphold<hold>( CLKARDCLK:39791326 ps, DIADI:39791714 ps,577 ps,593 ps)


WARNING: at 39811714 ps: Timing violation in /testwhenexternalmemoryishere/uut/\MM/U0/xst_blk_mem_generator/gnativebmg.native_blk_mem_gen/valid.cstr/ramloop[0].ram.r/v6_noinit.ram/NO_BMM_INFO.SDP.SIMPLE_PRIM36.ram /  $setuphold<hold>( CLKARDCLK:39811326 ps, DIADI:39811714 ps,577 ps,593 ps)


WARNING: at 39851714 ps: Timing violation in /testwhenexternalmemoryishere/uut/\MM/U0/xst_blk_mem_generator/gnativebmg.native_blk_mem_gen/valid.cstr/ramloop[0].ram.r/v6_noinit.ram/NO_BMM_INFO.SDP.SIMPLE_PRIM36.ram /  $setuphold<hold>( CLKARDCLK:39851326 ps, DIADI:39851714 ps,577 ps,593 ps)


WARNING: at 39911714 ps: Timing violation in /testwhenexternalmemoryishere/uut/\MM/U0/xst_blk_mem_generator/gnativebmg.native_blk_mem_gen/valid.cstr/ramloop[0].ram.r/v6_noinit.ram/NO_BMM_INFO.SDP.SIMPLE_PRIM36.ram /  $setuphold<hold>( CLKARDCLK:39911326 ps, DIADI:39911714 ps,577 ps,593 ps)


WARNING: at 39931714 ps: Timing violation in /testwhenexternalmemoryishere/uut/\MM/U0/xst_blk_mem_generator/gnativebmg.native_blk_mem_gen/valid.cstr/ramloop[0].ram.r/v6_noinit.ram/NO_BMM_INFO.SDP.SIMPLE_PRIM36.ram /  $setuphold<hold>( CLKARDCLK:39931326 ps, DIADI:39931714 ps,577 ps,593 ps)


WARNING: at 39971714 ps: Timing violation in /testwhenexternalmemoryishere/uut/\MM/U0/xst_blk_mem_generator/gnativebmg.native_blk_mem_gen/valid.cstr/ramloop[0].ram.r/v6_noinit.ram/NO_BMM_INFO.SDP.SIMPLE_PRIM36.ram /  $setuphold<hold>( CLKARDCLK:39971326 ps, DIADI:39971714 ps,577 ps,593 ps)


WARNING: at 40051714 ps: Timing violation in /testwhenexternalmemoryishere/uut/\MM/U0/xst_blk_mem_generator/gnativebmg.native_blk_mem_gen/valid.cstr/ramloop[0].ram.r/v6_noinit.ram/NO_BMM_INFO.SDP.SIMPLE_PRIM36.ram /  $setuphold<hold>( CLKARDCLK:40051326 ps, DIADI:40051714 ps,577 ps,593 ps)


WARNING: at 40071714 ps: Timing violation in /testwhenexternalmemoryishere/uut/\MM/U0/xst_blk_mem_generator/gnativebmg.native_blk_mem_gen/valid.cstr/ramloop[0].ram.r/v6_noinit.ram/NO_BMM_INFO.SDP.SIMPLE_PRIM36.ram /  $setuphold<hold>( CLKARDCLK:40071326 ps, DIADI:40071714 ps,577 ps,593 ps)


WARNING: at 40131714 ps: Timing violation in /testwhenexternalmemoryishere/uut/\MM/U0/xst_blk_mem_generator/gnativebmg.native_blk_mem_gen/valid.cstr/ramloop[0].ram.r/v6_noinit.ram/NO_BMM_INFO.SDP.SIMPLE_PRIM36.ram /  $setuphold<hold>( CLKARDCLK:40131326 ps, DIADI:40131714 ps,577 ps,593 ps)


WARNING: at 40151714 ps: Timing violation in /testwhenexternalmemoryishere/uut/\MM/U0/xst_blk_mem_generator/gnativebmg.native_blk_mem_gen/valid.cstr/ramloop[0].ram.r/v6_noinit.ram/NO_BMM_INFO.SDP.SIMPLE_PRIM36.ram /  $setuphold<hold>( CLKARDCLK:40151326 ps, DIADI:40151714 ps,577 ps,593 ps)


WARNING: at 40191714 ps: Timing violation in /testwhenexternalmemoryishere/uut/\MM/U0/xst_blk_mem_generator/gnativebmg.native_blk_mem_gen/valid.cstr/ramloop[0].ram.r/v6_noinit.ram/NO_BMM_INFO.SDP.SIMPLE_PRIM36.ram /  $setuphold<hold>( CLKARDCLK:40191326 ps, DIADI:40191714 ps,577 ps,593 ps)


WARNING: at 40211714 ps: Timing violation in /testwhenexternalmemoryishere/uut/\MM/U0/xst_blk_mem_generator/gnativebmg.native_blk_mem_gen/valid.cstr/ramloop[0].ram.r/v6_noinit.ram/NO_BMM_INFO.SDP.SIMPLE_PRIM36.ram /  $setuphold<hold>( CLKARDCLK:40211326 ps, DIADI:40211714 ps,577 ps,593 ps)


WARNING: at 40311714 ps: Timing violation in /testwhenexternalmemoryishere/uut/\MM/U0/xst_blk_mem_generator/gnativebmg.native_blk_mem_gen/valid.cstr/ramloop[0].ram.r/v6_noinit.ram/NO_BMM_INFO.SDP.SIMPLE_PRIM36.ram /  $setuphold<hold>( CLKARDCLK:40311326 ps, DIADI:40311714 ps,577 ps,593 ps)


WARNING: at 40331714 ps: Timing violation in /testwhenexternalmemoryishere/uut/\MM/U0/xst_blk_mem_generator/gnativebmg.native_blk_mem_gen/valid.cstr/ramloop[0].ram.r/v6_noinit.ram/NO_BMM_INFO.SDP.SIMPLE_PRIM36.ram /  $setuphold<hold>( CLKARDCLK:40331326 ps, DIADI:40331714 ps,577 ps,593 ps)


WARNING: at 40371714 ps: Timing violation in /testwhenexternalmemoryishere/uut/\MM/U0/xst_blk_mem_generator/gnativebmg.native_blk_mem_gen/valid.cstr/ramloop[0].ram.r/v6_noinit.ram/NO_BMM_INFO.SDP.SIMPLE_PRIM36.ram /  $setuphold<hold>( CLKARDCLK:40371326 ps, DIADI:40371714 ps,577 ps,593 ps)


WARNING: at 40391714 ps: Timing violation in /testwhenexternalmemoryishere/uut/\MM/U0/xst_blk_mem_generator/gnativebmg.native_blk_mem_gen/valid.cstr/ramloop[0].ram.r/v6_noinit.ram/NO_BMM_INFO.SDP.SIMPLE_PRIM36.ram /  $setuphold<hold>( CLKARDCLK:40391326 ps, DIADI:40391714 ps,577 ps,593 ps)


WARNING: at 44931714 ps: Timing violation in /testwhenexternalmemoryishere/uut/\MM/U0/xst_blk_mem_generator/gnativebmg.native_blk_mem_gen/valid.cstr/ramloop[0].ram.r/v6_noinit.ram/NO_BMM_INFO.SDP.SIMPLE_PRIM36.ram /  $setuphold<hold>( CLKARDCLK:44931326 ps, DIADI:44931714 ps,577 ps,593 ps)


WARNING: at 44951714 ps: Timing violation in /testwhenexternalmemoryishere/uut/\MM/U0/xst_blk_mem_generator/gnativebmg.native_blk_mem_gen/valid.cstr/ramloop[0].ram.r/v6_noinit.ram/NO_BMM_INFO.SDP.SIMPLE_PRIM36.ram /  $setuphold<hold>( CLKARDCLK:44951326 ps, DIADI:44951714 ps,577 ps,593 ps)


WARNING: at 44971714 ps: Timing violation in /testwhenexternalmemoryishere/uut/\MM/U0/xst_blk_mem_generator/gnativebmg.native_blk_mem_gen/valid.cstr/ramloop[0].ram.r/v6_noinit.ram/NO_BMM_INFO.SDP.SIMPLE_PRIM36.ram /  $setuphold<hold>( CLKARDCLK:44971326 ps, DIADI:44971714 ps,577 ps,593 ps)


WARNING: at 44991714 ps: Timing violation in /testwhenexternalmemoryishere/uut/\MM/U0/xst_blk_mem_generator/gnativebmg.native_blk_mem_gen/valid.cstr/ramloop[0].ram.r/v6_noinit.ram/NO_BMM_INFO.SDP.SIMPLE_PRIM36.ram /  $setuphold<hold>( CLKARDCLK:44991326 ps, DIADI:44991714 ps,577 ps,593 ps)


WARNING: at 45031714 ps: Timing violation in /testwhenexternalmemoryishere/uut/\MM/U0/xst_blk_mem_generator/gnativebmg.native_blk_mem_gen/valid.cstr/ramloop[0].ram.r/v6_noinit.ram/NO_BMM_INFO.SDP.SIMPLE_PRIM36.ram /  $setuphold<hold>( CLKARDCLK:45031326 ps, DIADI:45031714 ps,577 ps,593 ps)


WARNING: at 45051714 ps: Timing violation in /testwhenexternalmemoryishere/uut/\MM/U0/xst_blk_mem_generator/gnativebmg.native_blk_mem_gen/valid.cstr/ramloop[0].ram.r/v6_noinit.ram/NO_BMM_INFO.SDP.SIMPLE_PRIM36.ram /  $setuphold<hold>( CLKARDCLK:45051326 ps, DIADI:45051714 ps,577 ps,593 ps)


WARNING: at 45091714 ps: Timing violation in /testwhenexternalmemoryishere/uut/\MM/U0/xst_blk_mem_generator/gnativebmg.native_blk_mem_gen/valid.cstr/ramloop[0].ram.r/v6_noinit.ram/NO_BMM_INFO.SDP.SIMPLE_PRIM36.ram /  $setuphold<hold>( CLKARDCLK:45091326 ps, DIADI:45091714 ps,577 ps,593 ps)


WARNING: at 45111714 ps: Timing violation in /testwhenexternalmemoryishere/uut/\MM/U0/xst_blk_mem_generator/gnativebmg.native_blk_mem_gen/valid.cstr/ramloop[0].ram.r/v6_noinit.ram/NO_BMM_INFO.SDP.SIMPLE_PRIM36.ram /  $setuphold<hold>( CLKARDCLK:45111326 ps, DIADI:45111714 ps,577 ps,593 ps)


WARNING: at 45151714 ps: Timing violation in /testwhenexternalmemoryishere/uut/\MM/U0/xst_blk_mem_generator/gnativebmg.native_blk_mem_gen/valid.cstr/ramloop[0].ram.r/v6_noinit.ram/NO_BMM_INFO.SDP.SIMPLE_PRIM36.ram /  $setuphold<hold>( CLKARDCLK:45151326 ps, DIADI:45151714 ps,577 ps,593 ps)


WARNING: at 45171714 ps: Timing violation in /testwhenexternalmemoryishere/uut/\MM/U0/xst_blk_mem_generator/gnativebmg.native_blk_mem_gen/valid.cstr/ramloop[0].ram.r/v6_noinit.ram/NO_BMM_INFO.SDP.SIMPLE_PRIM36.ram /  $setuphold<hold>( CLKARDCLK:45171326 ps, DIADI:45171714 ps,577 ps,593 ps)


WARNING: at 45211714 ps: Timing violation in /testwhenexternalmemoryishere/uut/\MM/U0/xst_blk_mem_generator/gnativebmg.native_blk_mem_gen/valid.cstr/ramloop[0].ram.r/v6_noinit.ram/NO_BMM_INFO.SDP.SIMPLE_PRIM36.ram /  $setuphold<hold>( CLKARDCLK:45211326 ps, DIADI:45211714 ps,577 ps,593 ps)


WARNING: at 45251714 ps: Timing violation in /testwhenexternalmemoryishere/uut/\MM/U0/xst_blk_mem_generator/gnativebmg.native_blk_mem_gen/valid.cstr/ramloop[0].ram.r/v6_noinit.ram/NO_BMM_INFO.SDP.SIMPLE_PRIM36.ram /  $setuphold<hold>( CLKARDCLK:45251326 ps, DIADI:45251714 ps,577 ps,593 ps)


WARNING: at 45291714 ps: Timing violation in /testwhenexternalmemoryishere/uut/\MM/U0/xst_blk_mem_generator/gnativebmg.native_blk_mem_gen/valid.cstr/ramloop[0].ram.r/v6_noinit.ram/NO_BMM_INFO.SDP.SIMPLE_PRIM36.ram /  $setuphold<hold>( CLKARDCLK:45291326 ps, DIADI:45291714 ps,577 ps,593 ps)


WARNING: at 45311714 ps: Timing violation in /testwhenexternalmemoryishere/uut/\MM/U0/xst_blk_mem_generator/gnativebmg.native_blk_mem_gen/valid.cstr/ramloop[0].ram.r/v6_noinit.ram/NO_BMM_INFO.SDP.SIMPLE_PRIM36.ram /  $setuphold<hold>( CLKARDCLK:45311326 ps, DIADI:45311714 ps,577 ps,593 ps)


WARNING: at 45331714 ps: Timing violation in /testwhenexternalmemoryishere/uut/\MM/U0/xst_blk_mem_generator/gnativebmg.native_blk_mem_gen/valid.cstr/ramloop[0].ram.r/v6_noinit.ram/NO_BMM_INFO.SDP.SIMPLE_PRIM36.ram /  $setuphold<hold>( CLKARDCLK:45331326 ps, DIADI:45331714 ps,577 ps,593 ps)


WARNING: at 45391714 ps: Timing violation in /testwhenexternalmemoryishere/uut/\MM/U0/xst_blk_mem_generator/gnativebmg.native_blk_mem_gen/valid.cstr/ramloop[0].ram.r/v6_noinit.ram/NO_BMM_INFO.SDP.SIMPLE_PRIM36.ram /  $setuphold<hold>( CLKARDCLK:45391326 ps, DIADI:45391714 ps,577 ps,593 ps)


WARNING: at 45751714 ps: Timing violation in /testwhenexternalmemoryishere/uut/\MM/U0/xst_blk_mem_generator/gnativebmg.native_blk_mem_gen/valid.cstr/ramloop[0].ram.r/v6_noinit.ram/NO_BMM_INFO.SDP.SIMPLE_PRIM36.ram /  $setuphold<hold>( CLKARDCLK:45751326 ps, DIADI:45751714 ps,577 ps,593 ps)


WARNING: at 45771714 ps: Timing violation in /testwhenexternalmemoryishere/uut/\MM/U0/xst_blk_mem_generator/gnativebmg.native_blk_mem_gen/valid.cstr/ramloop[0].ram.r/v6_noinit.ram/NO_BMM_INFO.SDP.SIMPLE_PRIM36.ram /  $setuphold<hold>( CLKARDCLK:45771326 ps, DIADI:45771714 ps,577 ps,593 ps)


WARNING: at 47051714 ps: Timing violation in /testwhenexternalmemoryishere/uut/\MM/U0/xst_blk_mem_generator/gnativebmg.native_blk_mem_gen/valid.cstr/ramloop[0].ram.r/v6_noinit.ram/NO_BMM_INFO.SDP.SIMPLE_PRIM36.ram /  $setuphold<hold>( CLKARDCLK:47051326 ps, DIADI:47051714 ps,577 ps,593 ps)


WARNING: at 47071714 ps: Timing violation in /testwhenexternalmemoryishere/uut/\MM/U0/xst_blk_mem_generator/gnativebmg.native_blk_mem_gen/valid.cstr/ramloop[0].ram.r/v6_noinit.ram/NO_BMM_INFO.SDP.SIMPLE_PRIM36.ram /  $setuphold<hold>( CLKARDCLK:47071326 ps, DIADI:47071714 ps,577 ps,593 ps)


WARNING: at 47131714 ps: Timing violation in /testwhenexternalmemoryishere/uut/\MM/U0/xst_blk_mem_generator/gnativebmg.native_blk_mem_gen/valid.cstr/ramloop[0].ram.r/v6_noinit.ram/NO_BMM_INFO.SDP.SIMPLE_PRIM36.ram /  $setuphold<hold>( CLKARDCLK:47131326 ps, DIADI:47131714 ps,577 ps,593 ps)


WARNING: at 47151714 ps: Timing violation in /testwhenexternalmemoryishere/uut/\MM/U0/xst_blk_mem_generator/gnativebmg.native_blk_mem_gen/valid.cstr/ramloop[0].ram.r/v6_noinit.ram/NO_BMM_INFO.SDP.SIMPLE_PRIM36.ram /  $setuphold<hold>( CLKARDCLK:47151326 ps, DIADI:47151714 ps,577 ps,593 ps)


WARNING: at 49991714 ps: Timing violation in /testwhenexternalmemoryishere/uut/\MM/U0/xst_blk_mem_generator/gnativebmg.native_blk_mem_gen/valid.cstr/ramloop[0].ram.r/v6_noinit.ram/NO_BMM_INFO.SDP.SIMPLE_PRIM36.ram /  $setuphold<hold>( CLKARDCLK:49991326 ps, DIADI:49991714 ps,577 ps,593 ps)


WARNING: at 50011714 ps: Timing violation in /testwhenexternalmemoryishere/uut/\MM/U0/xst_blk_mem_generator/gnativebmg.native_blk_mem_gen/valid.cstr/ramloop[0].ram.r/v6_noinit.ram/NO_BMM_INFO.SDP.SIMPLE_PRIM36.ram /  $setuphold<hold>( CLKARDCLK:50011326 ps, DIADI:50011714 ps,577 ps,593 ps)


WARNING: at 50031714 ps: Timing violation in /testwhenexternalmemoryishere/uut/\MM/U0/xst_blk_mem_generator/gnativebmg.native_blk_mem_gen/valid.cstr/ramloop[0].ram.r/v6_noinit.ram/NO_BMM_INFO.SDP.SIMPLE_PRIM36.ram /  $setuphold<hold>( CLKARDCLK:50031326 ps, DIADI:50031714 ps,577 ps,593 ps)


WARNING: at 50071714 ps: Timing violation in /testwhenexternalmemoryishere/uut/\MM/U0/xst_blk_mem_generator/gnativebmg.native_blk_mem_gen/valid.cstr/ramloop[0].ram.r/v6_noinit.ram/NO_BMM_INFO.SDP.SIMPLE_PRIM36.ram /  $setuphold<hold>( CLKARDCLK:50071326 ps, DIADI:50071714 ps,577 ps,593 ps)


WARNING: at 50091714 ps: Timing violation in /testwhenexternalmemoryishere/uut/\MM/U0/xst_blk_mem_generator/gnativebmg.native_blk_mem_gen/valid.cstr/ramloop[0].ram.r/v6_noinit.ram/NO_BMM_INFO.SDP.SIMPLE_PRIM36.ram /  $setuphold<hold>( CLKARDCLK:50091326 ps, DIADI:50091714 ps,577 ps,593 ps)


WARNING: at 50111714 ps: Timing violation in /testwhenexternalmemoryishere/uut/\MM/U0/xst_blk_mem_generator/gnativebmg.native_blk_mem_gen/valid.cstr/ramloop[0].ram.r/v6_noinit.ram/NO_BMM_INFO.SDP.SIMPLE_PRIM36.ram /  $setuphold<hold>( CLKARDCLK:50111326 ps, DIADI:50111714 ps,577 ps,593 ps)


WARNING: at 50131714 ps: Timing violation in /testwhenexternalmemoryishere/uut/\MM/U0/xst_blk_mem_generator/gnativebmg.native_blk_mem_gen/valid.cstr/ramloop[0].ram.r/v6_noinit.ram/NO_BMM_INFO.SDP.SIMPLE_PRIM36.ram /  $setuphold<hold>( CLKARDCLK:50131326 ps, DIADI:50131714 ps,577 ps,593 ps)


WARNING: at 50151714 ps: Timing violation in /testwhenexternalmemoryishere/uut/\MM/U0/xst_blk_mem_generator/gnativebmg.native_blk_mem_gen/valid.cstr/ramloop[0].ram.r/v6_noinit.ram/NO_BMM_INFO.SDP.SIMPLE_PRIM36.ram /  $setuphold<hold>( CLKARDCLK:50151326 ps, DIADI:50151714 ps,577 ps,593 ps)


WARNING: at 50171714 ps: Timing violation in /testwhenexternalmemoryishere/uut/\MM/U0/xst_blk_mem_generator/gnativebmg.native_blk_mem_gen/valid.cstr/ramloop[0].ram.r/v6_noinit.ram/NO_BMM_INFO.SDP.SIMPLE_PRIM36.ram /  $setuphold<hold>( CLKARDCLK:50171326 ps, DIADI:50171714 ps,577 ps,593 ps)


WARNING: at 50191714 ps: Timing violation in /testwhenexternalmemoryishere/uut/\MM/U0/xst_blk_mem_generator/gnativebmg.native_blk_mem_gen/valid.cstr/ramloop[0].ram.r/v6_noinit.ram/NO_BMM_INFO.SDP.SIMPLE_PRIM36.ram /  $setuphold<hold>( CLKARDCLK:50191326 ps, DIADI:50191714 ps,577 ps,593 ps)


WARNING: at 50211714 ps: Timing violation in /testwhenexternalmemoryishere/uut/\MM/U0/xst_blk_mem_generator/gnativebmg.native_blk_mem_gen/valid.cstr/ramloop[0].ram.r/v6_noinit.ram/NO_BMM_INFO.SDP.SIMPLE_PRIM36.ram /  $setuphold<hold>( CLKARDCLK:50211326 ps, DIADI:50211714 ps,577 ps,593 ps)


WARNING: at 50231714 ps: Timing violation in /testwhenexternalmemoryishere/uut/\MM/U0/xst_blk_mem_generator/gnativebmg.native_blk_mem_gen/valid.cstr/ramloop[0].ram.r/v6_noinit.ram/NO_BMM_INFO.SDP.SIMPLE_PRIM36.ram /  $setuphold<hold>( CLKARDCLK:50231326 ps, DIADI:50231714 ps,577 ps,593 ps)


WARNING: at 50411714 ps: Timing violation in /testwhenexternalmemoryishere/uut/\MM/U0/xst_blk_mem_generator/gnativebmg.native_blk_mem_gen/valid.cstr/ramloop[0].ram.r/v6_noinit.ram/NO_BMM_INFO.SDP.SIMPLE_PRIM36.ram /  $setuphold<hold>( CLKARDCLK:50411326 ps, DIADI:50411714 ps,577 ps,593 ps)


WARNING: at 50451714 ps: Timing violation in /testwhenexternalmemoryishere/uut/\MM/U0/xst_blk_mem_generator/gnativebmg.native_blk_mem_gen/valid.cstr/ramloop[0].ram.r/v6_noinit.ram/NO_BMM_INFO.SDP.SIMPLE_PRIM36.ram /  $setuphold<hold>( CLKARDCLK:50451326 ps, DIADI:50451714 ps,577 ps,593 ps)


Stopped at time : 50540 ns : File "C:/Users/maham/Desktop/My semester/vlsi/CEP/testwhenexternalmemoryishere.v" Line 96
